<?xml version="1.0" encoding="UTF-8"?>
<!-- Generated by org.testng.reporters.JUnitReportReporter -->
<testsuite hostname="DESKTOP-15OUN1B" failures="0" tests="1" name="com.TestNGdemos.D08KeywordDrivenFramework" time="2.484" errors="0" timestamp="2024-03-16T21:33:47 IST" skipped="0">
  <testcase classname="com.TestNGdemos.D08KeywordDrivenFramework" name="login" time="2.484"/>
  <system-out/>
</testsuite> <!-- com.TestNGdemos.D08KeywordDrivenFramework -->
