<?xml version="1.0" encoding="UTF-8"?>
<!-- Generated by org.testng.reporters.JUnitReportReporter -->
<testsuite hostname="DESKTOP-15OUN1B" failures="0" tests="1" name="com.TestNGdemos.D15OrangeHRM_EmployeeAdd" time="43.215" errors="0" timestamp="2024-03-27T19:34:16 IST" skipped="0">
  <testcase classname="com.TestNGdemos.D15OrangeHRM_EmployeeAdd" name="f" time="43.215"/>
  <system-out/>
</testsuite> <!-- com.TestNGdemos.D15OrangeHRM_EmployeeAdd -->
