<?xml version="1.0" encoding="UTF-8"?>
<!-- Generated by org.testng.reporters.JUnitReportReporter -->
<testsuite hostname="DESKTOP-15OUN1B" failures="0" tests="4" name="com.TestNGdemos.D04Before_Aftermethod" time="19.662" errors="0" timestamp="2024-03-16T21:50:43 IST" skipped="0">
  <testcase classname="com.TestNGdemos.D04Before_Aftermethod" name="openZepto" time="3.978"/>
  <system-out/>
  <testcase classname="com.TestNGdemos.D04Before_Aftermethod" name="openBewakoof" time="3.275"/>
  <system-out/>
  <testcase classname="com.TestNGdemos.D04Before_Aftermethod" name="openMyntra" time="7.362"/>
  <system-out/>
  <testcase classname="com.TestNGdemos.D04Before_Aftermethod" name="openMeesho" time="5.047"/>
  <system-out/>
</testsuite> <!-- com.TestNGdemos.D04Before_Aftermethod -->
