<?xml version="1.0" encoding="UTF-8"?>
<!-- Generated by org.testng.reporters.JUnitReportReporter -->
<testsuite hostname="DESKTOP-15OUN1B" failures="0" tests="1" name="com.TestNGdemos.D12ReadTheData" time="0.094" errors="0" timestamp="2024-03-13T18:13:03 IST" skipped="0">
  <testcase classname="com.TestNGdemos.D12ReadTheData" name="readData" time="0.094"/>
  <system-out/>
</testsuite> <!-- com.TestNGdemos.D12ReadTheData -->
