<?xml version="1.0" encoding="UTF-8"?>
<!-- Generated by org.testng.reporters.JUnitReportReporter -->
<testsuite hostname="DESKTOP-15OUN1B" failures="0" tests="4" name="com.TestNGdemos.D03BeforeAfterTest" time="0.077" errors="0" timestamp="2024-03-08T19:18:11 IST" skipped="0">
  <testcase classname="com.TestNGdemos.D03BeforeAfterTest" name="test3" time="0.019"/>
  <system-out/>
  <testcase classname="com.TestNGdemos.D03BeforeAfterTest" name="test2" time="0.005"/>
  <system-out/>
  <testcase classname="com.TestNGdemos.D03BeforeAfterTest" name="test4" time="0.021"/>
  <system-out/>
  <testcase classname="com.TestNGdemos.D03BeforeAfterTest" name="test1" time="0.032"/>
  <system-out/>
</testsuite> <!-- com.TestNGdemos.D03BeforeAfterTest -->
