<?xml version="1.0" encoding="UTF-8"?>
<!-- Generated by org.testng.reporters.JUnitReportReporter -->
<testsuite hostname="DESKTOP-15OUN1B" failures="0" tests="1" name="com.TestNGdemos.D07Parameterization" time="3.957" errors="0" timestamp="2024-03-10T19:06:42 IST" skipped="0">
  <testcase classname="com.TestNGdemos.D07Parameterization" name="login" time="3.957"/>
  <system-out/>
</testsuite> <!-- com.TestNGdemos.D07Parameterization -->
