<?xml version="1.0" encoding="UTF-8"?>
<!-- Generated by org.testng.reporters.JUnitReportReporter -->
<testsuite hostname="DESKTOP-15OUN1B" failures="0" tests="1" name="com.Assignments.D08OHRM_login_logout" time="6.171" errors="0" timestamp="2024-03-08T21:07:55 IST" skipped="0">
  <testcase classname="com.Assignments.D08OHRM_login_logout" name="login" time="6.171"/>
  <system-out/>
</testsuite> <!-- com.Assignments.D08OHRM_login_logout -->
