<?xml version="1.0" encoding="UTF-8"?>
<!-- Generated by org.testng.reporters.JUnitReportReporter -->
<testsuite hostname="DESKTOP-15OUN1B" failures="0" tests="1" name="com.TestNGdemos.D10WriteExcel" time="0.182" errors="0" timestamp="2024-03-12T19:05:56 IST" skipped="0">
  <testcase classname="com.TestNGdemos.D10WriteExcel" name="writeToExcel" time="0.182"/>
  <system-out/>
</testsuite> <!-- com.TestNGdemos.D10WriteExcel -->
