<?xml version="1.0" encoding="UTF-8"?>
<!-- Generated by org.testng.reporters.JUnitReportReporter -->
<testsuite hostname="DESKTOP-15OUN1B" failures="0" tests="5" name="com.TestNGdemos.D11CreateLoginData" time="0.254" errors="0" timestamp="2024-03-17T22:35:43 IST" skipped="0">
  <testcase classname="com.TestNGdemos.D11CreateLoginData" name="f" time="0.014"/>
  <system-out/>
  <testcase classname="com.TestNGdemos.D11CreateLoginData" name="f" time="0.019"/>
  <system-out/>
  <testcase classname="com.TestNGdemos.D11CreateLoginData" name="f" time="0.017"/>
  <system-out/>
  <testcase classname="com.TestNGdemos.D11CreateLoginData" name="f" time="0.161"/>
  <system-out/>
  <testcase classname="com.TestNGdemos.D11CreateLoginData" name="f" time="0.043"/>
  <system-out/>
</testsuite> <!-- com.TestNGdemos.D11CreateLoginData -->
